[0m[[0m[0mdebug[0m] [0m[0m> Exec(test, Some(45825c27-81c8-432b-a3f1-704a68432cf7), Some(CommandSource(console0)))[0m
[0m[[0m[0mdebug[0m] [0m[0mEvaluating tasks: Test / test[0m
[0m[[0m[0mdebug[0m] [0m[0mRunning task... Cancel: Signal, check cycles: false, forcegc: true[0m
[0m[[0m[0minfo[0m] [0m[0mcompiling 1 Scala source to C:\G\Uni\Programming Paradigms\LabTasks\BasketAnalyser\target\scala-2.13\classes ...[0m
[0m[[0m[0minfo[0m] [0m[0mcompiling 3 Scala sources to C:\G\Uni\Programming Paradigms\LabTasks\BasketAnalyser\target\scala-2.13\test-classes ...[0m
[0m[[0m[0minfo[0m] [0m[0m[32mMenuManagerTest:[0m[0m
[0m[[0m[0minfo[0m] [0m[0m[32mMenuManager[0m[0m
[0m[[0m[0minfo[0m] [0m[0m[32m- should display the correct main menu options[0m[0m
[0m[[0m[0minfo[0m] [0m[0m[32m- should display the correct price analysis menu options[0m[0m
[0m[[0m[0minfo[0m] [0m[0m[32mDataManagerTest:[0m[0m
[0m[[0m[0minfo[0m] [0m[0m[32mreadData[0m[0m
[0m[[0m[0minfo[0m] [0m[0m[32m- should return a Success containing a Map for valid data[0m[0m
[0m[[0m[0minfo[0m] [0m[0m[32m- should return a Failure for invalid data[0m[0m
[0m[[0m[0minfo[0m] [0m[0m[32m- should correctly parse a valid line from the data file[0m[0m
[0m[[0m[0minfo[0m] [0m[0m[32m- should return None for a line with invalid format[0m[0m
[0m[[0m[0minfo[0m] [0m[0m[32m- should return None for a line with non-numeric price values[0m[0m
[0m[[0m[0minfo[0m] [0m[0m[32mPriceAnalyserTest:[0m[0m
[0m[[0m[0minfo[0m] [0m[0m[32mPriceAnalyser[0m[0m
[0m[[0m[0minfo[0m] [0m[0m[32m- should correctly calculate the current (most recent) price for each food[0m[0m
[0m[[0m[0minfo[0m] [0m[0m[32m- should calculate the highest and lowest prices within the period for each food[0m[0m
[0m[[0m[0minfo[0m] [0m[0m[31m- should correctly calculate the median price for each food *** FAILED ***[0m[0m
[0m[[0m[0minfo[0m] [0m[0m[31m  221 was not equal to 243 (PriceAnalyserTest.scala:53)[0m[0m
[0m[[0m[0minfo[0m] [0m[0m[32m- should identify the food with the largest price increase over the last 6 months[0m[0m
[0m[[0m[0minfo[0m] [0m[0m[32m- should correctly calculate the average price over a 2-year period for each food and compare them[0m[0m
[0m[[0m[0minfo[0m] [0m[0m[36mRun completed in 476 milliseconds.[0m[0m
[0m[[0m[0minfo[0m] [0m[0m[36mTotal number of tests run: 12[0m[0m
[0m[[0m[0minfo[0m] [0m[0m[36mSuites: completed 3, aborted 0[0m[0m
[0m[[0m[0minfo[0m] [0m[0m[36mTests: succeeded 11, failed 1, canceled 0, ignored 0, pending 0[0m[0m
[0m[[0m[0minfo[0m] [0m[0m[31m*** 1 TEST FAILED ***[0m[0m
[0m[[0m[31merror[0m] [0m[0mFailed tests:[0m
[0m[[0m[31merror[0m] [0m[0m	PriceAnalyserTest[0m
[0m[[0m[31merror[0m] [0m[0m(Test / [31mtest[0m) sbt.TestsFailedException: Tests unsuccessful[0m
[0m[[0m[31merror[0m] [0m[0mTotal time: 4 s, completed 13 Dec 2023, 17:00:28[0m
[0m[[0m[0mdebug[0m] [0m[0m> Exec(shell, None, None)[0m
